The system is: Linux - 5.10.81 - x86_64
Compiling the C compiler identification source file "CMakeCCompilerId.c" succeeded.
Compiler: /run/current-system/sw/bin/cc 
Build flags: 
Id flags:  

The output was:
0


Compilation of the C compiler identification source "CMakeCCompilerId.c" produced "a.out"

The C compiler identification is GNU, found in "/home/kitty/code/LHTTPServer/cmake-build-debug/CMakeFiles/3.21.2/CompilerIdC/a.out"

Detecting C compiler ABI info compiled with the following output:
Change Dir: /home/kitty/code/LHTTPServer/cmake-build-debug/CMakeFiles/CMakeTmp

Run Build Command(s):/run/current-system/sw/bin/make -f Makefile cmTC_51a8b/fast && /run/current-system/sw/bin/make  -f CMakeFiles/cmTC_51a8b.dir/build.make CMakeFiles/cmTC_51a8b.dir/build
make[1]: Entering directory '/home/kitty/code/LHTTPServer/cmake-build-debug/CMakeFiles/CMakeTmp'
Building C object CMakeFiles/cmTC_51a8b.dir/CMakeCCompilerABI.c.o
/run/current-system/sw/bin/cc   -v -o CMakeFiles/cmTC_51a8b.dir/CMakeCCompilerABI.c.o -c /nix/store/mnq9fvg9yqan4g1pgis01l0mqfkihpqs-cmake-3.21.2/share/cmake-3.21/Modules/CMakeCCompilerABI.c
Using built-in specs.
COLLECT_GCC=/nix/store/h6d0c7lnxx65i925xmnxgwdfdvc7hc2p-gcc-10.3.0/bin/gcc
Target: x86_64-unknown-linux-gnu
Configured with: 
Thread model: posix
Supported LTO compression algorithms: zlib
gcc version 10.3.0 (GCC) 
COLLECT_GCC_OPTIONS='-v' '-o' 'CMakeFiles/cmTC_51a8b.dir/CMakeCCompilerABI.c.o' '-c' '-B' '/nix/store/c9f15p1kwm0mw5p13wsnvd1ixrhbhb12-gcc-10.3.0-lib/lib' '-B' '/nix/store/z56jcx3j1gfyk4sv7g8iaan0ssbdkhz1-glibc-2.33-56/lib/' '-idirafter' '/nix/store/7rfaw11na5ajdgwr55ffzwfibbrdpk8z-glibc-2.33-56-dev/include' '-idirafter' '/nix/store/h6d0c7lnxx65i925xmnxgwdfdvc7hc2p-gcc-10.3.0/lib/gcc/x86_64-unknown-linux-gnu/10.3.0/include-fixed' '-B' '/nix/store/da9l6ifizmh883j94gzx5n51h8lrrp00-gcc-wrapper-10.3.0/bin/' '-mtune=generic' '-march=x86-64' '-fcommon'
 /nix/store/h6d0c7lnxx65i925xmnxgwdfdvc7hc2p-gcc-10.3.0/libexec/gcc/x86_64-unknown-linux-gnu/10.3.0/cc1 -quiet -v -idirafter /nix/store/7rfaw11na5ajdgwr55ffzwfibbrdpk8z-glibc-2.33-56-dev/include -idirafter /nix/store/h6d0c7lnxx65i925xmnxgwdfdvc7hc2p-gcc-10.3.0/lib/gcc/x86_64-unknown-linux-gnu/10.3.0/include-fixed /nix/store/mnq9fvg9yqan4g1pgis01l0mqfkihpqs-cmake-3.21.2/share/cmake-3.21/Modules/CMakeCCompilerABI.c -quiet -dumpbase CMakeCCompilerABI.c -mtune=generic -march=x86-64 -auxbase-strip CMakeFiles/cmTC_51a8b.dir/CMakeCCompilerABI.c.o -version -fcommon -o /tmp/ccPzIXKZ.s
GNU C17 (GCC) version 10.3.0 (x86_64-unknown-linux-gnu)
	compiled by GNU C version 10.3.0, GMP version 6.2.1, MPFR version 4.1.0, MPC version 1.2.1, isl version isl-0.20-GMP

GGC heuristics: --param ggc-min-expand=100 --param ggc-min-heapsize=131072
ignoring nonexistent directory "/nix/store/h6d0c7lnxx65i925xmnxgwdfdvc7hc2p-gcc-10.3.0/lib/gcc/x86_64-unknown-linux-gnu/10.3.0/../../../../x86_64-unknown-linux-gnu/include"
ignoring duplicate directory "/nix/store/7rfaw11na5ajdgwr55ffzwfibbrdpk8z-glibc-2.33-56-dev/include"
ignoring duplicate directory "/nix/store/h6d0c7lnxx65i925xmnxgwdfdvc7hc2p-gcc-10.3.0/lib/gcc/x86_64-unknown-linux-gnu/10.3.0/include-fixed"
#include "..." search starts here:
#include <...> search starts here:
 /nix/store/h6d0c7lnxx65i925xmnxgwdfdvc7hc2p-gcc-10.3.0/lib/gcc/x86_64-unknown-linux-gnu/10.3.0/include
 /nix/store/h6d0c7lnxx65i925xmnxgwdfdvc7hc2p-gcc-10.3.0/include
 /nix/store/h6d0c7lnxx65i925xmnxgwdfdvc7hc2p-gcc-10.3.0/lib/gcc/x86_64-unknown-linux-gnu/10.3.0/include-fixed
 /nix/store/7rfaw11na5ajdgwr55ffzwfibbrdpk8z-glibc-2.33-56-dev/include
End of search list.
GNU C17 (GCC) version 10.3.0 (x86_64-unknown-linux-gnu)
	compiled by GNU C version 10.3.0, GMP version 6.2.1, MPFR version 4.1.0, MPC version 1.2.1, isl version isl-0.20-GMP

GGC heuristics: --param ggc-min-expand=100 --param ggc-min-heapsize=131072
Compiler executable checksum: 3bee56e2196baf0e5579ffa6779a0fa4
COLLECT_GCC_OPTIONS='-v' '-o' 'CMakeFiles/cmTC_51a8b.dir/CMakeCCompilerABI.c.o' '-c' '-B' '/nix/store/c9f15p1kwm0mw5p13wsnvd1ixrhbhb12-gcc-10.3.0-lib/lib' '-B' '/nix/store/z56jcx3j1gfyk4sv7g8iaan0ssbdkhz1-glibc-2.33-56/lib/' '-idirafter' '/nix/store/7rfaw11na5ajdgwr55ffzwfibbrdpk8z-glibc-2.33-56-dev/include' '-idirafter' '/nix/store/h6d0c7lnxx65i925xmnxgwdfdvc7hc2p-gcc-10.3.0/lib/gcc/x86_64-unknown-linux-gnu/10.3.0/include-fixed' '-B' '/nix/store/da9l6ifizmh883j94gzx5n51h8lrrp00-gcc-wrapper-10.3.0/bin/' '-mtune=generic' '-march=x86-64' '-fcommon'
 /nix/store/da9l6ifizmh883j94gzx5n51h8lrrp00-gcc-wrapper-10.3.0/bin/as -v --64 -o CMakeFiles/cmTC_51a8b.dir/CMakeCCompilerABI.c.o /tmp/ccPzIXKZ.s
GNU assembler version 2.35.2 (x86_64-unknown-linux-gnu) using BFD version (GNU Binutils) 2.35.2
COMPILER_PATH=/nix/store/c9f15p1kwm0mw5p13wsnvd1ixrhbhb12-gcc-10.3.0-lib/lib/:/nix/store/z56jcx3j1gfyk4sv7g8iaan0ssbdkhz1-glibc-2.33-56/lib/:/nix/store/da9l6ifizmh883j94gzx5n51h8lrrp00-gcc-wrapper-10.3.0/bin/:/nix/store/h6d0c7lnxx65i925xmnxgwdfdvc7hc2p-gcc-10.3.0/libexec/gcc/x86_64-unknown-linux-gnu/10.3.0/:/nix/store/h6d0c7lnxx65i925xmnxgwdfdvc7hc2p-gcc-10.3.0/libexec/gcc/x86_64-unknown-linux-gnu/10.3.0/:/nix/store/h6d0c7lnxx65i925xmnxgwdfdvc7hc2p-gcc-10.3.0/libexec/gcc/x86_64-unknown-linux-gnu/:/nix/store/h6d0c7lnxx65i925xmnxgwdfdvc7hc2p-gcc-10.3.0/lib/gcc/x86_64-unknown-linux-gnu/10.3.0/:/nix/store/h6d0c7lnxx65i925xmnxgwdfdvc7hc2p-gcc-10.3.0/lib/gcc/x86_64-unknown-linux-gnu/
LIBRARY_PATH=/nix/store/c9f15p1kwm0mw5p13wsnvd1ixrhbhb12-gcc-10.3.0-lib/lib/:/nix/store/z56jcx3j1gfyk4sv7g8iaan0ssbdkhz1-glibc-2.33-56/lib/:/nix/store/da9l6ifizmh883j94gzx5n51h8lrrp00-gcc-wrapper-10.3.0/bin/:/nix/store/h6d0c7lnxx65i925xmnxgwdfdvc7hc2p-gcc-10.3.0/lib/gcc/x86_64-unknown-linux-gnu/10.3.0/:/nix/store/h6d0c7lnxx65i925xmnxgwdfdvc7hc2p-gcc-10.3.0/lib/gcc/x86_64-unknown-linux-gnu/10.3.0/../../../../lib64/:/nix/store/h6d0c7lnxx65i925xmnxgwdfdvc7hc2p-gcc-10.3.0/lib/gcc/x86_64-unknown-linux-gnu/10.3.0/../../../
COLLECT_GCC_OPTIONS='-v' '-o' 'CMakeFiles/cmTC_51a8b.dir/CMakeCCompilerABI.c.o' '-c' '-B' '/nix/store/c9f15p1kwm0mw5p13wsnvd1ixrhbhb12-gcc-10.3.0-lib/lib' '-B' '/nix/store/z56jcx3j1gfyk4sv7g8iaan0ssbdkhz1-glibc-2.33-56/lib/' '-idirafter' '/nix/store/7rfaw11na5ajdgwr55ffzwfibbrdpk8z-glibc-2.33-56-dev/include' '-idirafter' '/nix/store/h6d0c7lnxx65i925xmnxgwdfdvc7hc2p-gcc-10.3.0/lib/gcc/x86_64-unknown-linux-gnu/10.3.0/include-fixed' '-B' '/nix/store/da9l6ifizmh883j94gzx5n51h8lrrp00-gcc-wrapper-10.3.0/bin/' '-mtune=generic' '-march=x86-64' '-fcommon'
Linking C executable cmTC_51a8b
/nix/store/mnq9fvg9yqan4g1pgis01l0mqfkihpqs-cmake-3.21.2/bin/cmake -E cmake_link_script CMakeFiles/cmTC_51a8b.dir/link.txt --verbose=1
/run/current-system/sw/bin/cc  -v CMakeFiles/cmTC_51a8b.dir/CMakeCCompilerABI.c.o -o cmTC_51a8b 
Using built-in specs.
COLLECT_GCC=/nix/store/h6d0c7lnxx65i925xmnxgwdfdvc7hc2p-gcc-10.3.0/bin/gcc
COLLECT_LTO_WRAPPER=/nix/store/h6d0c7lnxx65i925xmnxgwdfdvc7hc2p-gcc-10.3.0/libexec/gcc/x86_64-unknown-linux-gnu/10.3.0/lto-wrapper
Target: x86_64-unknown-linux-gnu
Configured with: 
Thread model: posix
Supported LTO compression algorithms: zlib
gcc version 10.3.0 (GCC) 
COMPILER_PATH=/nix/store/c9f15p1kwm0mw5p13wsnvd1ixrhbhb12-gcc-10.3.0-lib/lib/:/nix/store/z56jcx3j1gfyk4sv7g8iaan0ssbdkhz1-glibc-2.33-56/lib/:/nix/store/da9l6ifizmh883j94gzx5n51h8lrrp00-gcc-wrapper-10.3.0/bin/:/nix/store/h6d0c7lnxx65i925xmnxgwdfdvc7hc2p-gcc-10.3.0/libexec/gcc/x86_64-unknown-linux-gnu/10.3.0/:/nix/store/h6d0c7lnxx65i925xmnxgwdfdvc7hc2p-gcc-10.3.0/libexec/gcc/x86_64-unknown-linux-gnu/10.3.0/:/nix/store/h6d0c7lnxx65i925xmnxgwdfdvc7hc2p-gcc-10.3.0/libexec/gcc/x86_64-unknown-linux-gnu/:/nix/store/h6d0c7lnxx65i925xmnxgwdfdvc7hc2p-gcc-10.3.0/lib/gcc/x86_64-unknown-linux-gnu/10.3.0/:/nix/store/h6d0c7lnxx65i925xmnxgwdfdvc7hc2p-gcc-10.3.0/lib/gcc/x86_64-unknown-linux-gnu/
LIBRARY_PATH=/nix/store/c9f15p1kwm0mw5p13wsnvd1ixrhbhb12-gcc-10.3.0-lib/lib/:/nix/store/z56jcx3j1gfyk4sv7g8iaan0ssbdkhz1-glibc-2.33-56/lib/:/nix/store/da9l6ifizmh883j94gzx5n51h8lrrp00-gcc-wrapper-10.3.0/bin/:/nix/store/h6d0c7lnxx65i925xmnxgwdfdvc7hc2p-gcc-10.3.0/lib/gcc/x86_64-unknown-linux-gnu/10.3.0/:/nix/store/h6d0c7lnxx65i925xmnxgwdfdvc7hc2p-gcc-10.3.0/lib/gcc/x86_64-unknown-linux-gnu/10.3.0/../../../../lib64/:/nix/store/h6d0c7lnxx65i925xmnxgwdfdvc7hc2p-gcc-10.3.0/lib/gcc/x86_64-unknown-linux-gnu/10.3.0/../../../
COLLECT_GCC_OPTIONS='-v' '-o' 'cmTC_51a8b' '-B' '/nix/store/c9f15p1kwm0mw5p13wsnvd1ixrhbhb12-gcc-10.3.0-lib/lib' '-B' '/nix/store/z56jcx3j1gfyk4sv7g8iaan0ssbdkhz1-glibc-2.33-56/lib/' '-idirafter' '/nix/store/7rfaw11na5ajdgwr55ffzwfibbrdpk8z-glibc-2.33-56-dev/include' '-idirafter' '/nix/store/h6d0c7lnxx65i925xmnxgwdfdvc7hc2p-gcc-10.3.0/lib/gcc/x86_64-unknown-linux-gnu/10.3.0/include-fixed' '-B' '/nix/store/da9l6ifizmh883j94gzx5n51h8lrrp00-gcc-wrapper-10.3.0/bin/' '-L/nix/store/z56jcx3j1gfyk4sv7g8iaan0ssbdkhz1-glibc-2.33-56/lib' '-L/nix/store/c9f15p1kwm0mw5p13wsnvd1ixrhbhb12-gcc-10.3.0-lib/lib' '-mtune=generic' '-march=x86-64' '-fcommon'
 /nix/store/h6d0c7lnxx65i925xmnxgwdfdvc7hc2p-gcc-10.3.0/libexec/gcc/x86_64-unknown-linux-gnu/10.3.0/collect2 -plugin /nix/store/h6d0c7lnxx65i925xmnxgwdfdvc7hc2p-gcc-10.3.0/libexec/gcc/x86_64-unknown-linux-gnu/10.3.0/liblto_plugin.so -plugin-opt=/nix/store/h6d0c7lnxx65i925xmnxgwdfdvc7hc2p-gcc-10.3.0/libexec/gcc/x86_64-unknown-linux-gnu/10.3.0/lto-wrapper -plugin-opt=-fresolution=/tmp/ccMedgj8.res -plugin-opt=-pass-through=-lgcc -plugin-opt=-pass-through=-lgcc_s -plugin-opt=-pass-through=-lc -plugin-opt=-pass-through=-lgcc -plugin-opt=-pass-through=-lgcc_s --eh-frame-hdr -m elf_x86_64 -dynamic-linker /nix/store/z56jcx3j1gfyk4sv7g8iaan0ssbdkhz1-glibc-2.33-56/lib64/ld-linux-x86-64.so.2 -o cmTC_51a8b /nix/store/z56jcx3j1gfyk4sv7g8iaan0ssbdkhz1-glibc-2.33-56/lib/crt1.o /nix/store/z56jcx3j1gfyk4sv7g8iaan0ssbdkhz1-glibc-2.33-56/lib/crti.o /nix/store/h6d0c7lnxx65i925xmnxgwdfdvc7hc2p-gcc-10.3.0/lib/gcc/x86_64-unknown-linux-gnu/10.3.0/crtbegin.o -L/nix/store/z56jcx3j1gfyk4sv7g8iaan0ssbdkhz1-glibc-2.33-56/lib -L/nix/store/c9f15p1kwm0mw5p13wsnvd1ixrhbhb12-gcc-10.3.0-lib/lib -L/nix/store/c9f15p1kwm0mw5p13wsnvd1ixrhbhb12-gcc-10.3.0-lib/lib -L/nix/store/z56jcx3j1gfyk4sv7g8iaan0ssbdkhz1-glibc-2.33-56/lib -L/nix/store/da9l6ifizmh883j94gzx5n51h8lrrp00-gcc-wrapper-10.3.0/bin -L/nix/store/h6d0c7lnxx65i925xmnxgwdfdvc7hc2p-gcc-10.3.0/lib/gcc/x86_64-unknown-linux-gnu/10.3.0 -L/nix/store/h6d0c7lnxx65i925xmnxgwdfdvc7hc2p-gcc-10.3.0/lib/gcc/x86_64-unknown-linux-gnu/10.3.0/../../../../lib64 -L/nix/store/h6d0c7lnxx65i925xmnxgwdfdvc7hc2p-gcc-10.3.0/lib/gcc/x86_64-unknown-linux-gnu/10.3.0/../../.. -dynamic-linker=/nix/store/z56jcx3j1gfyk4sv7g8iaan0ssbdkhz1-glibc-2.33-56/lib/ld-linux-x86-64.so.2 CMakeFiles/cmTC_51a8b.dir/CMakeCCompilerABI.c.o -lgcc --push-state --as-needed -lgcc_s --pop-state -lc -lgcc --push-state --as-needed -lgcc_s --pop-state /nix/store/h6d0c7lnxx65i925xmnxgwdfdvc7hc2p-gcc-10.3.0/lib/gcc/x86_64-unknown-linux-gnu/10.3.0/crtend.o /nix/store/z56jcx3j1gfyk4sv7g8iaan0ssbdkhz1-glibc-2.33-56/lib/crtn.o
COLLECT_GCC_OPTIONS='-v' '-o' 'cmTC_51a8b' '-B' '/nix/store/c9f15p1kwm0mw5p13wsnvd1ixrhbhb12-gcc-10.3.0-lib/lib' '-B' '/nix/store/z56jcx3j1gfyk4sv7g8iaan0ssbdkhz1-glibc-2.33-56/lib/' '-idirafter' '/nix/store/7rfaw11na5ajdgwr55ffzwfibbrdpk8z-glibc-2.33-56-dev/include' '-idirafter' '/nix/store/h6d0c7lnxx65i925xmnxgwdfdvc7hc2p-gcc-10.3.0/lib/gcc/x86_64-unknown-linux-gnu/10.3.0/include-fixed' '-B' '/nix/store/da9l6ifizmh883j94gzx5n51h8lrrp00-gcc-wrapper-10.3.0/bin/' '-L/nix/store/z56jcx3j1gfyk4sv7g8iaan0ssbdkhz1-glibc-2.33-56/lib' '-L/nix/store/c9f15p1kwm0mw5p13wsnvd1ixrhbhb12-gcc-10.3.0-lib/lib' '-mtune=generic' '-march=x86-64' '-fcommon'
make[1]: Leaving directory '/home/kitty/code/LHTTPServer/cmake-build-debug/CMakeFiles/CMakeTmp'



Parsed C implicit include dir info from above output: rv=done
  found start of include info
  found start of implicit include info
    add: [/nix/store/h6d0c7lnxx65i925xmnxgwdfdvc7hc2p-gcc-10.3.0/lib/gcc/x86_64-unknown-linux-gnu/10.3.0/include]
    add: [/nix/store/h6d0c7lnxx65i925xmnxgwdfdvc7hc2p-gcc-10.3.0/include]
    add: [/nix/store/h6d0c7lnxx65i925xmnxgwdfdvc7hc2p-gcc-10.3.0/lib/gcc/x86_64-unknown-linux-gnu/10.3.0/include-fixed]
    add: [/nix/store/7rfaw11na5ajdgwr55ffzwfibbrdpk8z-glibc-2.33-56-dev/include]
  end of search list found
  collapse include dir [/nix/store/h6d0c7lnxx65i925xmnxgwdfdvc7hc2p-gcc-10.3.0/lib/gcc/x86_64-unknown-linux-gnu/10.3.0/include] ==> [/nix/store/h6d0c7lnxx65i925xmnxgwdfdvc7hc2p-gcc-10.3.0/lib/gcc/x86_64-unknown-linux-gnu/10.3.0/include]
  collapse include dir [/nix/store/h6d0c7lnxx65i925xmnxgwdfdvc7hc2p-gcc-10.3.0/include] ==> [/nix/store/h6d0c7lnxx65i925xmnxgwdfdvc7hc2p-gcc-10.3.0/include]
  collapse include dir [/nix/store/h6d0c7lnxx65i925xmnxgwdfdvc7hc2p-gcc-10.3.0/lib/gcc/x86_64-unknown-linux-gnu/10.3.0/include-fixed] ==> [/nix/store/h6d0c7lnxx65i925xmnxgwdfdvc7hc2p-gcc-10.3.0/lib/gcc/x86_64-unknown-linux-gnu/10.3.0/include-fixed]
  collapse include dir [/nix/store/7rfaw11na5ajdgwr55ffzwfibbrdpk8z-glibc-2.33-56-dev/include] ==> [/nix/store/7rfaw11na5ajdgwr55ffzwfibbrdpk8z-glibc-2.33-56-dev/include]
  implicit include dirs: [/nix/store/h6d0c7lnxx65i925xmnxgwdfdvc7hc2p-gcc-10.3.0/lib/gcc/x86_64-unknown-linux-gnu/10.3.0/include;/nix/store/h6d0c7lnxx65i925xmnxgwdfdvc7hc2p-gcc-10.3.0/include;/nix/store/h6d0c7lnxx65i925xmnxgwdfdvc7hc2p-gcc-10.3.0/lib/gcc/x86_64-unknown-linux-gnu/10.3.0/include-fixed;/nix/store/7rfaw11na5ajdgwr55ffzwfibbrdpk8z-glibc-2.33-56-dev/include]


Parsed C implicit link information from above output:
  link line regex: [^( *|.*[/\])(ld|CMAKE_LINK_STARTFILE-NOTFOUND|([^/\]+-)?ld|collect2)[^/\]*( |$)]
  ignore line: [Change Dir: /home/kitty/code/LHTTPServer/cmake-build-debug/CMakeFiles/CMakeTmp]
  ignore line: []
  ignore line: [Run Build Command(s):/run/current-system/sw/bin/make -f Makefile cmTC_51a8b/fast && /run/current-system/sw/bin/make  -f CMakeFiles/cmTC_51a8b.dir/build.make CMakeFiles/cmTC_51a8b.dir/build]
  ignore line: [make[1]: Entering directory '/home/kitty/code/LHTTPServer/cmake-build-debug/CMakeFiles/CMakeTmp']
  ignore line: [Building C object CMakeFiles/cmTC_51a8b.dir/CMakeCCompilerABI.c.o]
  ignore line: [/run/current-system/sw/bin/cc   -v -o CMakeFiles/cmTC_51a8b.dir/CMakeCCompilerABI.c.o -c /nix/store/mnq9fvg9yqan4g1pgis01l0mqfkihpqs-cmake-3.21.2/share/cmake-3.21/Modules/CMakeCCompilerABI.c]
  ignore line: [Using built-in specs.]
  ignore line: [COLLECT_GCC=/nix/store/h6d0c7lnxx65i925xmnxgwdfdvc7hc2p-gcc-10.3.0/bin/gcc]
  ignore line: [Target: x86_64-unknown-linux-gnu]
  ignore line: [Configured with: ]
  ignore line: [Thread model: posix]
  ignore line: [Supported LTO compression algorithms: zlib]
  ignore line: [gcc version 10.3.0 (GCC) ]
  ignore line: [COLLECT_GCC_OPTIONS='-v' '-o' 'CMakeFiles/cmTC_51a8b.dir/CMakeCCompilerABI.c.o' '-c' '-B' '/nix/store/c9f15p1kwm0mw5p13wsnvd1ixrhbhb12-gcc-10.3.0-lib/lib' '-B' '/nix/store/z56jcx3j1gfyk4sv7g8iaan0ssbdkhz1-glibc-2.33-56/lib/' '-idirafter' '/nix/store/7rfaw11na5ajdgwr55ffzwfibbrdpk8z-glibc-2.33-56-dev/include' '-idirafter' '/nix/store/h6d0c7lnxx65i925xmnxgwdfdvc7hc2p-gcc-10.3.0/lib/gcc/x86_64-unknown-linux-gnu/10.3.0/include-fixed' '-B' '/nix/store/da9l6ifizmh883j94gzx5n51h8lrrp00-gcc-wrapper-10.3.0/bin/' '-mtune=generic' '-march=x86-64' '-fcommon']
  ignore line: [ /nix/store/h6d0c7lnxx65i925xmnxgwdfdvc7hc2p-gcc-10.3.0/libexec/gcc/x86_64-unknown-linux-gnu/10.3.0/cc1 -quiet -v -idirafter /nix/store/7rfaw11na5ajdgwr55ffzwfibbrdpk8z-glibc-2.33-56-dev/include -idirafter /nix/store/h6d0c7lnxx65i925xmnxgwdfdvc7hc2p-gcc-10.3.0/lib/gcc/x86_64-unknown-linux-gnu/10.3.0/include-fixed /nix/store/mnq9fvg9yqan4g1pgis01l0mqfkihpqs-cmake-3.21.2/share/cmake-3.21/Modules/CMakeCCompilerABI.c -quiet -dumpbase CMakeCCompilerABI.c -mtune=generic -march=x86-64 -auxbase-strip CMakeFiles/cmTC_51a8b.dir/CMakeCCompilerABI.c.o -version -fcommon -o /tmp/ccPzIXKZ.s]
  ignore line: [GNU C17 (GCC) version 10.3.0 (x86_64-unknown-linux-gnu)]
  ignore line: [	compiled by GNU C version 10.3.0  GMP version 6.2.1  MPFR version 4.1.0  MPC version 1.2.1  isl version isl-0.20-GMP]
  ignore line: []
  ignore line: [GGC heuristics: --param ggc-min-expand=100 --param ggc-min-heapsize=131072]
  ignore line: [ignoring nonexistent directory "/nix/store/h6d0c7lnxx65i925xmnxgwdfdvc7hc2p-gcc-10.3.0/lib/gcc/x86_64-unknown-linux-gnu/10.3.0/../../../../x86_64-unknown-linux-gnu/include"]
  ignore line: [ignoring duplicate directory "/nix/store/7rfaw11na5ajdgwr55ffzwfibbrdpk8z-glibc-2.33-56-dev/include"]
  ignore line: [ignoring duplicate directory "/nix/store/h6d0c7lnxx65i925xmnxgwdfdvc7hc2p-gcc-10.3.0/lib/gcc/x86_64-unknown-linux-gnu/10.3.0/include-fixed"]
  ignore line: [#include "..." search starts here:]
  ignore line: [#include <...> search starts here:]
  ignore line: [ /nix/store/h6d0c7lnxx65i925xmnxgwdfdvc7hc2p-gcc-10.3.0/lib/gcc/x86_64-unknown-linux-gnu/10.3.0/include]
  ignore line: [ /nix/store/h6d0c7lnxx65i925xmnxgwdfdvc7hc2p-gcc-10.3.0/include]
  ignore line: [ /nix/store/h6d0c7lnxx65i925xmnxgwdfdvc7hc2p-gcc-10.3.0/lib/gcc/x86_64-unknown-linux-gnu/10.3.0/include-fixed]
  ignore line: [ /nix/store/7rfaw11na5ajdgwr55ffzwfibbrdpk8z-glibc-2.33-56-dev/include]
  ignore line: [End of search list.]
  ignore line: [GNU C17 (GCC) version 10.3.0 (x86_64-unknown-linux-gnu)]
  ignore line: [	compiled by GNU C version 10.3.0  GMP version 6.2.1  MPFR version 4.1.0  MPC version 1.2.1  isl version isl-0.20-GMP]
  ignore line: []
  ignore line: [GGC heuristics: --param ggc-min-expand=100 --param ggc-min-heapsize=131072]
  ignore line: [Compiler executable checksum: 3bee56e2196baf0e5579ffa6779a0fa4]
  ignore line: [COLLECT_GCC_OPTIONS='-v' '-o' 'CMakeFiles/cmTC_51a8b.dir/CMakeCCompilerABI.c.o' '-c' '-B' '/nix/store/c9f15p1kwm0mw5p13wsnvd1ixrhbhb12-gcc-10.3.0-lib/lib' '-B' '/nix/store/z56jcx3j1gfyk4sv7g8iaan0ssbdkhz1-glibc-2.33-56/lib/' '-idirafter' '/nix/store/7rfaw11na5ajdgwr55ffzwfibbrdpk8z-glibc-2.33-56-dev/include' '-idirafter' '/nix/store/h6d0c7lnxx65i925xmnxgwdfdvc7hc2p-gcc-10.3.0/lib/gcc/x86_64-unknown-linux-gnu/10.3.0/include-fixed' '-B' '/nix/store/da9l6ifizmh883j94gzx5n51h8lrrp00-gcc-wrapper-10.3.0/bin/' '-mtune=generic' '-march=x86-64' '-fcommon']
  ignore line: [ /nix/store/da9l6ifizmh883j94gzx5n51h8lrrp00-gcc-wrapper-10.3.0/bin/as -v --64 -o CMakeFiles/cmTC_51a8b.dir/CMakeCCompilerABI.c.o /tmp/ccPzIXKZ.s]
  ignore line: [GNU assembler version 2.35.2 (x86_64-unknown-linux-gnu) using BFD version (GNU Binutils) 2.35.2]
  ignore line: [COMPILER_PATH=/nix/store/c9f15p1kwm0mw5p13wsnvd1ixrhbhb12-gcc-10.3.0-lib/lib/:/nix/store/z56jcx3j1gfyk4sv7g8iaan0ssbdkhz1-glibc-2.33-56/lib/:/nix/store/da9l6ifizmh883j94gzx5n51h8lrrp00-gcc-wrapper-10.3.0/bin/:/nix/store/h6d0c7lnxx65i925xmnxgwdfdvc7hc2p-gcc-10.3.0/libexec/gcc/x86_64-unknown-linux-gnu/10.3.0/:/nix/store/h6d0c7lnxx65i925xmnxgwdfdvc7hc2p-gcc-10.3.0/libexec/gcc/x86_64-unknown-linux-gnu/10.3.0/:/nix/store/h6d0c7lnxx65i925xmnxgwdfdvc7hc2p-gcc-10.3.0/libexec/gcc/x86_64-unknown-linux-gnu/:/nix/store/h6d0c7lnxx65i925xmnxgwdfdvc7hc2p-gcc-10.3.0/lib/gcc/x86_64-unknown-linux-gnu/10.3.0/:/nix/store/h6d0c7lnxx65i925xmnxgwdfdvc7hc2p-gcc-10.3.0/lib/gcc/x86_64-unknown-linux-gnu/]
  ignore line: [LIBRARY_PATH=/nix/store/c9f15p1kwm0mw5p13wsnvd1ixrhbhb12-gcc-10.3.0-lib/lib/:/nix/store/z56jcx3j1gfyk4sv7g8iaan0ssbdkhz1-glibc-2.33-56/lib/:/nix/store/da9l6ifizmh883j94gzx5n51h8lrrp00-gcc-wrapper-10.3.0/bin/:/nix/store/h6d0c7lnxx65i925xmnxgwdfdvc7hc2p-gcc-10.3.0/lib/gcc/x86_64-unknown-linux-gnu/10.3.0/:/nix/store/h6d0c7lnxx65i925xmnxgwdfdvc7hc2p-gcc-10.3.0/lib/gcc/x86_64-unknown-linux-gnu/10.3.0/../../../../lib64/:/nix/store/h6d0c7lnxx65i925xmnxgwdfdvc7hc2p-gcc-10.3.0/lib/gcc/x86_64-unknown-linux-gnu/10.3.0/../../../]
  ignore line: [COLLECT_GCC_OPTIONS='-v' '-o' 'CMakeFiles/cmTC_51a8b.dir/CMakeCCompilerABI.c.o' '-c' '-B' '/nix/store/c9f15p1kwm0mw5p13wsnvd1ixrhbhb12-gcc-10.3.0-lib/lib' '-B' '/nix/store/z56jcx3j1gfyk4sv7g8iaan0ssbdkhz1-glibc-2.33-56/lib/' '-idirafter' '/nix/store/7rfaw11na5ajdgwr55ffzwfibbrdpk8z-glibc-2.33-56-dev/include' '-idirafter' '/nix/store/h6d0c7lnxx65i925xmnxgwdfdvc7hc2p-gcc-10.3.0/lib/gcc/x86_64-unknown-linux-gnu/10.3.0/include-fixed' '-B' '/nix/store/da9l6ifizmh883j94gzx5n51h8lrrp00-gcc-wrapper-10.3.0/bin/' '-mtune=generic' '-march=x86-64' '-fcommon']
  ignore line: [Linking C executable cmTC_51a8b]
  ignore line: [/nix/store/mnq9fvg9yqan4g1pgis01l0mqfkihpqs-cmake-3.21.2/bin/cmake -E cmake_link_script CMakeFiles/cmTC_51a8b.dir/link.txt --verbose=1]
  ignore line: [/run/current-system/sw/bin/cc  -v CMakeFiles/cmTC_51a8b.dir/CMakeCCompilerABI.c.o -o cmTC_51a8b ]
  ignore line: [Using built-in specs.]
  ignore line: [COLLECT_GCC=/nix/store/h6d0c7lnxx65i925xmnxgwdfdvc7hc2p-gcc-10.3.0/bin/gcc]
  ignore line: [COLLECT_LTO_WRAPPER=/nix/store/h6d0c7lnxx65i925xmnxgwdfdvc7hc2p-gcc-10.3.0/libexec/gcc/x86_64-unknown-linux-gnu/10.3.0/lto-wrapper]
  ignore line: [Target: x86_64-unknown-linux-gnu]
  ignore line: [Configured with: ]
  ignore line: [Thread model: posix]
  ignore line: [Supported LTO compression algorithms: zlib]
  ignore line: [gcc version 10.3.0 (GCC) ]
  ignore line: [COMPILER_PATH=/nix/store/c9f15p1kwm0mw5p13wsnvd1ixrhbhb12-gcc-10.3.0-lib/lib/:/nix/store/z56jcx3j1gfyk4sv7g8iaan0ssbdkhz1-glibc-2.33-56/lib/:/nix/store/da9l6ifizmh883j94gzx5n51h8lrrp00-gcc-wrapper-10.3.0/bin/:/nix/store/h6d0c7lnxx65i925xmnxgwdfdvc7hc2p-gcc-10.3.0/libexec/gcc/x86_64-unknown-linux-gnu/10.3.0/:/nix/store/h6d0c7lnxx65i925xmnxgwdfdvc7hc2p-gcc-10.3.0/libexec/gcc/x86_64-unknown-linux-gnu/10.3.0/:/nix/store/h6d0c7lnxx65i925xmnxgwdfdvc7hc2p-gcc-10.3.0/libexec/gcc/x86_64-unknown-linux-gnu/:/nix/store/h6d0c7lnxx65i925xmnxgwdfdvc7hc2p-gcc-10.3.0/lib/gcc/x86_64-unknown-linux-gnu/10.3.0/:/nix/store/h6d0c7lnxx65i925xmnxgwdfdvc7hc2p-gcc-10.3.0/lib/gcc/x86_64-unknown-linux-gnu/]
  ignore line: [LIBRARY_PATH=/nix/store/c9f15p1kwm0mw5p13wsnvd1ixrhbhb12-gcc-10.3.0-lib/lib/:/nix/store/z56jcx3j1gfyk4sv7g8iaan0ssbdkhz1-glibc-2.33-56/lib/:/nix/store/da9l6ifizmh883j94gzx5n51h8lrrp00-gcc-wrapper-10.3.0/bin/:/nix/store/h6d0c7lnxx65i925xmnxgwdfdvc7hc2p-gcc-10.3.0/lib/gcc/x86_64-unknown-linux-gnu/10.3.0/:/nix/store/h6d0c7lnxx65i925xmnxgwdfdvc7hc2p-gcc-10.3.0/lib/gcc/x86_64-unknown-linux-gnu/10.3.0/../../../../lib64/:/nix/store/h6d0c7lnxx65i925xmnxgwdfdvc7hc2p-gcc-10.3.0/lib/gcc/x86_64-unknown-linux-gnu/10.3.0/../../../]
  ignore line: [COLLECT_GCC_OPTIONS='-v' '-o' 'cmTC_51a8b' '-B' '/nix/store/c9f15p1kwm0mw5p13wsnvd1ixrhbhb12-gcc-10.3.0-lib/lib' '-B' '/nix/store/z56jcx3j1gfyk4sv7g8iaan0ssbdkhz1-glibc-2.33-56/lib/' '-idirafter' '/nix/store/7rfaw11na5ajdgwr55ffzwfibbrdpk8z-glibc-2.33-56-dev/include' '-idirafter' '/nix/store/h6d0c7lnxx65i925xmnxgwdfdvc7hc2p-gcc-10.3.0/lib/gcc/x86_64-unknown-linux-gnu/10.3.0/include-fixed' '-B' '/nix/store/da9l6ifizmh883j94gzx5n51h8lrrp00-gcc-wrapper-10.3.0/bin/' '-L/nix/store/z56jcx3j1gfyk4sv7g8iaan0ssbdkhz1-glibc-2.33-56/lib' '-L/nix/store/c9f15p1kwm0mw5p13wsnvd1ixrhbhb12-gcc-10.3.0-lib/lib' '-mtune=generic' '-march=x86-64' '-fcommon']
  link line: [ /nix/store/h6d0c7lnxx65i925xmnxgwdfdvc7hc2p-gcc-10.3.0/libexec/gcc/x86_64-unknown-linux-gnu/10.3.0/collect2 -plugin /nix/store/h6d0c7lnxx65i925xmnxgwdfdvc7hc2p-gcc-10.3.0/libexec/gcc/x86_64-unknown-linux-gnu/10.3.0/liblto_plugin.so -plugin-opt=/nix/store/h6d0c7lnxx65i925xmnxgwdfdvc7hc2p-gcc-10.3.0/libexec/gcc/x86_64-unknown-linux-gnu/10.3.0/lto-wrapper -plugin-opt=-fresolution=/tmp/ccMedgj8.res -plugin-opt=-pass-through=-lgcc -plugin-opt=-pass-through=-lgcc_s -plugin-opt=-pass-through=-lc -plugin-opt=-pass-through=-lgcc -plugin-opt=-pass-through=-lgcc_s --eh-frame-hdr -m elf_x86_64 -dynamic-linker /nix/store/z56jcx3j1gfyk4sv7g8iaan0ssbdkhz1-glibc-2.33-56/lib64/ld-linux-x86-64.so.2 -o cmTC_51a8b /nix/store/z56jcx3j1gfyk4sv7g8iaan0ssbdkhz1-glibc-2.33-56/lib/crt1.o /nix/store/z56jcx3j1gfyk4sv7g8iaan0ssbdkhz1-glibc-2.33-56/lib/crti.o /nix/store/h6d0c7lnxx65i925xmnxgwdfdvc7hc2p-gcc-10.3.0/lib/gcc/x86_64-unknown-linux-gnu/10.3.0/crtbegin.o -L/nix/store/z56jcx3j1gfyk4sv7g8iaan0ssbdkhz1-glibc-2.33-56/lib -L/nix/store/c9f15p1kwm0mw5p13wsnvd1ixrhbhb12-gcc-10.3.0-lib/lib -L/nix/store/c9f15p1kwm0mw5p13wsnvd1ixrhbhb12-gcc-10.3.0-lib/lib -L/nix/store/z56jcx3j1gfyk4sv7g8iaan0ssbdkhz1-glibc-2.33-56/lib -L/nix/store/da9l6ifizmh883j94gzx5n51h8lrrp00-gcc-wrapper-10.3.0/bin -L/nix/store/h6d0c7lnxx65i925xmnxgwdfdvc7hc2p-gcc-10.3.0/lib/gcc/x86_64-unknown-linux-gnu/10.3.0 -L/nix/store/h6d0c7lnxx65i925xmnxgwdfdvc7hc2p-gcc-10.3.0/lib/gcc/x86_64-unknown-linux-gnu/10.3.0/../../../../lib64 -L/nix/store/h6d0c7lnxx65i925xmnxgwdfdvc7hc2p-gcc-10.3.0/lib/gcc/x86_64-unknown-linux-gnu/10.3.0/../../.. -dynamic-linker=/nix/store/z56jcx3j1gfyk4sv7g8iaan0ssbdkhz1-glibc-2.33-56/lib/ld-linux-x86-64.so.2 CMakeFiles/cmTC_51a8b.dir/CMakeCCompilerABI.c.o -lgcc --push-state --as-needed -lgcc_s --pop-state -lc -lgcc --push-state --as-needed -lgcc_s --pop-state /nix/store/h6d0c7lnxx65i925xmnxgwdfdvc7hc2p-gcc-10.3.0/lib/gcc/x86_64-unknown-linux-gnu/10.3.0/crtend.o /nix/store/z56jcx3j1gfyk4sv7g8iaan0ssbdkhz1-glibc-2.33-56/lib/crtn.o]
    arg [/nix/store/h6d0c7lnxx65i925xmnxgwdfdvc7hc2p-gcc-10.3.0/libexec/gcc/x86_64-unknown-linux-gnu/10.3.0/collect2] ==> ignore
    arg [-plugin] ==> ignore
    arg [/nix/store/h6d0c7lnxx65i925xmnxgwdfdvc7hc2p-gcc-10.3.0/libexec/gcc/x86_64-unknown-linux-gnu/10.3.0/liblto_plugin.so] ==> ignore
    arg [-plugin-opt=/nix/store/h6d0c7lnxx65i925xmnxgwdfdvc7hc2p-gcc-10.3.0/libexec/gcc/x86_64-unknown-linux-gnu/10.3.0/lto-wrapper] ==> ignore
    arg [-plugin-opt=-fresolution=/tmp/ccMedgj8.res] ==> ignore
    arg [-plugin-opt=-pass-through=-lgcc] ==> ignore
    arg [-plugin-opt=-pass-through=-lgcc_s] ==> ignore
    arg [-plugin-opt=-pass-through=-lc] ==> ignore
    arg [-plugin-opt=-pass-through=-lgcc] ==> ignore
    arg [-plugin-opt=-pass-through=-lgcc_s] ==> ignore
    arg [--eh-frame-hdr] ==> ignore
    arg [-m] ==> ignore
    arg [elf_x86_64] ==> ignore
    arg [-dynamic-linker] ==> ignore
    arg [/nix/store/z56jcx3j1gfyk4sv7g8iaan0ssbdkhz1-glibc-2.33-56/lib64/ld-linux-x86-64.so.2] ==> ignore
    arg [-o] ==> ignore
    arg [cmTC_51a8b] ==> ignore
    arg [/nix/store/z56jcx3j1gfyk4sv7g8iaan0ssbdkhz1-glibc-2.33-56/lib/crt1.o] ==> obj [/nix/store/z56jcx3j1gfyk4sv7g8iaan0ssbdkhz1-glibc-2.33-56/lib/crt1.o]
    arg [/nix/store/z56jcx3j1gfyk4sv7g8iaan0ssbdkhz1-glibc-2.33-56/lib/crti.o] ==> obj [/nix/store/z56jcx3j1gfyk4sv7g8iaan0ssbdkhz1-glibc-2.33-56/lib/crti.o]
    arg [/nix/store/h6d0c7lnxx65i925xmnxgwdfdvc7hc2p-gcc-10.3.0/lib/gcc/x86_64-unknown-linux-gnu/10.3.0/crtbegin.o] ==> obj [/nix/store/h6d0c7lnxx65i925xmnxgwdfdvc7hc2p-gcc-10.3.0/lib/gcc/x86_64-unknown-linux-gnu/10.3.0/crtbegin.o]
    arg [-L/nix/store/z56jcx3j1gfyk4sv7g8iaan0ssbdkhz1-glibc-2.33-56/lib] ==> dir [/nix/store/z56jcx3j1gfyk4sv7g8iaan0ssbdkhz1-glibc-2.33-56/lib]
    arg [-L/nix/store/c9f15p1kwm0mw5p13wsnvd1ixrhbhb12-gcc-10.3.0-lib/lib] ==> dir [/nix/store/c9f15p1kwm0mw5p13wsnvd1ixrhbhb12-gcc-10.3.0-lib/lib]
    arg [-L/nix/store/c9f15p1kwm0mw5p13wsnvd1ixrhbhb12-gcc-10.3.0-lib/lib] ==> dir [/nix/store/c9f15p1kwm0mw5p13wsnvd1ixrhbhb12-gcc-10.3.0-lib/lib]
    arg [-L/nix/store/z56jcx3j1gfyk4sv7g8iaan0ssbdkhz1-glibc-2.33-56/lib] ==> dir [/nix/store/z56jcx3j1gfyk4sv7g8iaan0ssbdkhz1-glibc-2.33-56/lib]
    arg [-L/nix/store/da9l6ifizmh883j94gzx5n51h8lrrp00-gcc-wrapper-10.3.0/bin] ==> dir [/nix/store/da9l6ifizmh883j94gzx5n51h8lrrp00-gcc-wrapper-10.3.0/bin]
    arg [-L/nix/store/h6d0c7lnxx65i925xmnxgwdfdvc7hc2p-gcc-10.3.0/lib/gcc/x86_64-unknown-linux-gnu/10.3.0] ==> dir [/nix/store/h6d0c7lnxx65i925xmnxgwdfdvc7hc2p-gcc-10.3.0/lib/gcc/x86_64-unknown-linux-gnu/10.3.0]
    arg [-L/nix/store/h6d0c7lnxx65i925xmnxgwdfdvc7hc2p-gcc-10.3.0/lib/gcc/x86_64-unknown-linux-gnu/10.3.0/../../../../lib64] ==> dir [/nix/store/h6d0c7lnxx65i925xmnxgwdfdvc7hc2p-gcc-10.3.0/lib/gcc/x86_64-unknown-linux-gnu/10.3.0/../../../../lib64]
    arg [-L/nix/store/h6d0c7lnxx65i925xmnxgwdfdvc7hc2p-gcc-10.3.0/lib/gcc/x86_64-unknown-linux-gnu/10.3.0/../../..] ==> dir [/nix/store/h6d0c7lnxx65i925xmnxgwdfdvc7hc2p-gcc-10.3.0/lib/gcc/x86_64-unknown-linux-gnu/10.3.0/../../..]
    arg [-dynamic-linker=/nix/store/z56jcx3j1gfyk4sv7g8iaan0ssbdkhz1-glibc-2.33-56/lib/ld-linux-x86-64.so.2] ==> ignore
    arg [CMakeFiles/cmTC_51a8b.dir/CMakeCCompilerABI.c.o] ==> ignore
    arg [-lgcc] ==> lib [gcc]
    arg [--push-state] ==> ignore
    arg [--as-needed] ==> ignore
    arg [-lgcc_s] ==> lib [gcc_s]
    arg [--pop-state] ==> ignore
    arg [-lc] ==> lib [c]
    arg [-lgcc] ==> lib [gcc]
    arg [--push-state] ==> ignore
    arg [--as-needed] ==> ignore
    arg [-lgcc_s] ==> lib [gcc_s]
    arg [--pop-state] ==> ignore
    arg [/nix/store/h6d0c7lnxx65i925xmnxgwdfdvc7hc2p-gcc-10.3.0/lib/gcc/x86_64-unknown-linux-gnu/10.3.0/crtend.o] ==> obj [/nix/store/h6d0c7lnxx65i925xmnxgwdfdvc7hc2p-gcc-10.3.0/lib/gcc/x86_64-unknown-linux-gnu/10.3.0/crtend.o]
    arg [/nix/store/z56jcx3j1gfyk4sv7g8iaan0ssbdkhz1-glibc-2.33-56/lib/crtn.o] ==> obj [/nix/store/z56jcx3j1gfyk4sv7g8iaan0ssbdkhz1-glibc-2.33-56/lib/crtn.o]
  collapse library dir [/nix/store/z56jcx3j1gfyk4sv7g8iaan0ssbdkhz1-glibc-2.33-56/lib] ==> [/nix/store/z56jcx3j1gfyk4sv7g8iaan0ssbdkhz1-glibc-2.33-56/lib]
  collapse library dir [/nix/store/c9f15p1kwm0mw5p13wsnvd1ixrhbhb12-gcc-10.3.0-lib/lib] ==> [/nix/store/c9f15p1kwm0mw5p13wsnvd1ixrhbhb12-gcc-10.3.0-lib/lib]
  collapse library dir [/nix/store/c9f15p1kwm0mw5p13wsnvd1ixrhbhb12-gcc-10.3.0-lib/lib] ==> [/nix/store/c9f15p1kwm0mw5p13wsnvd1ixrhbhb12-gcc-10.3.0-lib/lib]
  collapse library dir [/nix/store/z56jcx3j1gfyk4sv7g8iaan0ssbdkhz1-glibc-2.33-56/lib] ==> [/nix/store/z56jcx3j1gfyk4sv7g8iaan0ssbdkhz1-glibc-2.33-56/lib]
  collapse library dir [/nix/store/da9l6ifizmh883j94gzx5n51h8lrrp00-gcc-wrapper-10.3.0/bin] ==> [/nix/store/da9l6ifizmh883j94gzx5n51h8lrrp00-gcc-wrapper-10.3.0/bin]
  collapse library dir [/nix/store/h6d0c7lnxx65i925xmnxgwdfdvc7hc2p-gcc-10.3.0/lib/gcc/x86_64-unknown-linux-gnu/10.3.0] ==> [/nix/store/h6d0c7lnxx65i925xmnxgwdfdvc7hc2p-gcc-10.3.0/lib/gcc/x86_64-unknown-linux-gnu/10.3.0]
  collapse library dir [/nix/store/h6d0c7lnxx65i925xmnxgwdfdvc7hc2p-gcc-10.3.0/lib/gcc/x86_64-unknown-linux-gnu/10.3.0/../../../../lib64] ==> [/nix/store/h6d0c7lnxx65i925xmnxgwdfdvc7hc2p-gcc-10.3.0/lib64]
  collapse library dir [/nix/store/h6d0c7lnxx65i925xmnxgwdfdvc7hc2p-gcc-10.3.0/lib/gcc/x86_64-unknown-linux-gnu/10.3.0/../../..] ==> [/nix/store/h6d0c7lnxx65i925xmnxgwdfdvc7hc2p-gcc-10.3.0/lib]
  implicit libs: [gcc;gcc_s;c;gcc;gcc_s]
  implicit objs: [/nix/store/z56jcx3j1gfyk4sv7g8iaan0ssbdkhz1-glibc-2.33-56/lib/crt1.o;/nix/store/z56jcx3j1gfyk4sv7g8iaan0ssbdkhz1-glibc-2.33-56/lib/crti.o;/nix/store/h6d0c7lnxx65i925xmnxgwdfdvc7hc2p-gcc-10.3.0/lib/gcc/x86_64-unknown-linux-gnu/10.3.0/crtbegin.o;/nix/store/h6d0c7lnxx65i925xmnxgwdfdvc7hc2p-gcc-10.3.0/lib/gcc/x86_64-unknown-linux-gnu/10.3.0/crtend.o;/nix/store/z56jcx3j1gfyk4sv7g8iaan0ssbdkhz1-glibc-2.33-56/lib/crtn.o]
  implicit dirs: [/nix/store/z56jcx3j1gfyk4sv7g8iaan0ssbdkhz1-glibc-2.33-56/lib;/nix/store/c9f15p1kwm0mw5p13wsnvd1ixrhbhb12-gcc-10.3.0-lib/lib;/nix/store/da9l6ifizmh883j94gzx5n51h8lrrp00-gcc-wrapper-10.3.0/bin;/nix/store/h6d0c7lnxx65i925xmnxgwdfdvc7hc2p-gcc-10.3.0/lib/gcc/x86_64-unknown-linux-gnu/10.3.0;/nix/store/h6d0c7lnxx65i925xmnxgwdfdvc7hc2p-gcc-10.3.0/lib64;/nix/store/h6d0c7lnxx65i925xmnxgwdfdvc7hc2p-gcc-10.3.0/lib]
  implicit fwks: []


